[0.372s] Invoking command in '/home/bun/ros2_ws/src': PYTHONPATH=/home/bun/ros2_ws/src/build/mypkg/prefix_override:/usr/lib/python3/dist-packages/colcon_core/task/python/colcon_distutils_commands:/home/bun/ros2_ws/src/install/mypkg/lib/python3.8/site-packages:${PYTHONPATH} /usr/bin/python3 -W ignore:setup.py install is deprecated -W ignore:easy_install command is deprecated setup.py egg_info --egg-base build/mypkg build --build-base /home/bun/ros2_ws/src/build/mypkg/build install --record /home/bun/ros2_ws/src/build/mypkg/install.log --single-version-externally-managed install_data
[0.489s] running egg_info
[0.489s] creating build/mypkg/mypkg.egg-info
[0.490s] writing build/mypkg/mypkg.egg-info/PKG-INFO
[0.490s] writing dependency_links to build/mypkg/mypkg.egg-info/dependency_links.txt
[0.490s] writing entry points to build/mypkg/mypkg.egg-info/entry_points.txt
[0.490s] writing requirements to build/mypkg/mypkg.egg-info/requires.txt
[0.490s] writing top-level names to build/mypkg/mypkg.egg-info/top_level.txt
[0.491s] writing manifest file 'build/mypkg/mypkg.egg-info/SOURCES.txt'
[0.511s] package init file 'mypkg/__init__.py' not found (or not a regular file)
[0.512s] reading manifest file 'build/mypkg/mypkg.egg-info/SOURCES.txt'
[0.512s] writing manifest file 'build/mypkg/mypkg.egg-info/SOURCES.txt'
[0.512s] running build
[0.512s] running build_py
[0.513s] creating /home/bun/ros2_ws/src/build/mypkg/build
[0.513s] creating /home/bun/ros2_ws/src/build/mypkg/build/lib
[0.513s] creating /home/bun/ros2_ws/src/build/mypkg/build/lib/mypkg
[0.513s] copying mypkg/setup.py -> /home/bun/ros2_ws/src/build/mypkg/build/lib/mypkg
[0.513s] running install
[0.514s] running install_lib
[0.515s] creating /home/bun/ros2_ws/src/install/mypkg/lib/python3.8/site-packages/mypkg
[0.515s] copying /home/bun/ros2_ws/src/build/mypkg/build/lib/mypkg/setup.py -> /home/bun/ros2_ws/src/install/mypkg/lib/python3.8/site-packages/mypkg
[0.515s] byte-compiling /home/bun/ros2_ws/src/install/mypkg/lib/python3.8/site-packages/mypkg/setup.py to setup.cpython-38.pyc
[0.516s] running install_data
[0.516s] creating /home/bun/ros2_ws/src/install/mypkg/share
[0.516s] creating /home/bun/ros2_ws/src/install/mypkg/share/ament_index
[0.517s] creating /home/bun/ros2_ws/src/install/mypkg/share/ament_index/resource_index
[0.517s] error: can't copy 'resource/mypkg': doesn't exist or not a regular file
[0.517s] creating /home/bun/ros2_ws/src/install/mypkg/share/ament_index/resource_index/packages
[0.529s] Invoked command in '/home/bun/ros2_ws/src' returned '1': PYTHONPATH=/home/bun/ros2_ws/src/build/mypkg/prefix_override:/usr/lib/python3/dist-packages/colcon_core/task/python/colcon_distutils_commands:/home/bun/ros2_ws/src/install/mypkg/lib/python3.8/site-packages:${PYTHONPATH} /usr/bin/python3 -W ignore:setup.py install is deprecated -W ignore:easy_install command is deprecated setup.py egg_info --egg-base build/mypkg build --build-base /home/bun/ros2_ws/src/build/mypkg/build install --record /home/bun/ros2_ws/src/build/mypkg/install.log --single-version-externally-managed install_data
