[0.160s] Invoking command in '/home/bun/ros2_ws/build/person_msgs': /usr/bin/cmake /home/bun/ros2_ws/src/person_msgs -DCMAKE_INSTALL_PREFIX=/home/bun/ros2_ws/install/person_msgs
[0.455s] -- The C compiler identification is GNU 9.4.0
[0.661s] -- The CXX compiler identification is GNU 9.4.0
[0.720s] -- Check for working C compiler: /usr/bin/cc
[0.809s] -- Check for working C compiler: /usr/bin/cc -- works
[0.811s] -- Detecting C compiler ABI info
[0.890s] -- Detecting C compiler ABI info - done
[0.898s] -- Detecting C compile features
[0.899s] -- Detecting C compile features - done
[0.901s] -- Check for working CXX compiler: /usr/bin/c++
[0.983s] -- Check for working CXX compiler: /usr/bin/c++ -- works
[0.984s] -- Detecting CXX compiler ABI info
[1.068s] -- Detecting CXX compiler ABI info - done
[1.074s] -- Detecting CXX compile features
[1.074s] -- Detecting CXX compile features - done
[1.091s] -- Found ament_cmake: 0.9.12 (/opt/ros/foxy/share/ament_cmake/cmake)
[1.115s] -- Found PythonInterp: /usr/bin/python3 (found suitable version "3.8.10", minimum required is "3") 
[1.115s] -- Using PYTHON_EXECUTABLE: /usr/bin/python3
[1.254s] -- Found rosidl_default_generators: 1.0.1 (/opt/ros/foxy/share/rosidl_default_generators/cmake)
[1.260s] -- Using all available rosidl_typesupport_c: rosidl_typesupport_fastrtps_c;rosidl_typesupport_introspection_c
[1.268s] -- Found rosidl_adapter: 1.3.1 (/opt/ros/foxy/share/rosidl_adapter/cmake)
[1.899s] -- Found OpenSSL: /usr/lib/x86_64-linux-gnu/libcrypto.so (found version "1.1.1f")  
[2.391s] -- Found FastRTPS: /opt/ros/foxy/include  
[3.296s] -- Using all available rosidl_typesupport_cpp: rosidl_typesupport_fastrtps_cpp;rosidl_typesupport_introspection_cpp
[3.335s] -- Found PythonInterp: /usr/bin/python3 (found version "3.8.10") 
[3.418s] -- Found ament_cmake_ros: 0.9.2 (/opt/ros/foxy/share/ament_cmake_ros/cmake)
[5.180s] -- Using all available rosidl_typesupport_c: rosidl_typesupport_fastrtps_c;rosidl_typesupport_introspection_c
[5.187s] -- Using all available rosidl_typesupport_cpp: rosidl_typesupport_fastrtps_cpp;rosidl_typesupport_introspection_cpp
[5.205s] -- Found PythonInterp: /usr/bin/python3 (found suitable version "3.8.10", minimum required is "3.5") 
[5.208s] -- Found python_cmake_module: 0.8.1 (/opt/ros/foxy/share/python_cmake_module/cmake)
[5.400s] -- Found PythonLibs: /usr/lib/x86_64-linux-gnu/libpython3.8.so (found suitable version "3.8.10", minimum required is "3.5") 
[5.400s] -- Using PYTHON_EXECUTABLE: /usr/bin/python3
[5.400s] -- Using PYTHON_INCLUDE_DIRS: /usr/include/python3.8
[5.400s] -- Using PYTHON_LIBRARIES: /usr/lib/x86_64-linux-gnu/libpython3.8.so
[5.415s] -- Found PythonExtra: .so  
[5.463s] -- Found ament_lint_auto: 0.9.8 (/opt/ros/foxy/share/ament_lint_auto/cmake)
[5.492s] -- Added test 'copyright' to check source files copyright and LICENSE
[5.494s] -- Added test 'lint_cmake' to check CMake code style
[5.495s] -- Added test 'xmllint' to check XML markup files
[5.499s] -- Configuring done
[5.521s] -- Generating done
[5.529s] -- Build files have been written to: /home/bun/ros2_ws/build/person_msgs
[5.536s] Invoked command in '/home/bun/ros2_ws/build/person_msgs' returned '0': /usr/bin/cmake /home/bun/ros2_ws/src/person_msgs -DCMAKE_INSTALL_PREFIX=/home/bun/ros2_ws/install/person_msgs
[5.536s] Invoking command in '/home/bun/ros2_ws/build/person_msgs': /usr/bin/cmake --build /home/bun/ros2_ws/build/person_msgs -- -j8 -l8
[5.560s] [35m[1mScanning dependencies of target person_msgs__cpp[0m
[5.561s] [  3%] [34m[1mGenerating C code for ROS interfaces[0m
[5.567s] [  6%] [34m[1mGenerating C++ code for ROS interfaces[0m
[5.714s] [35m[1mScanning dependencies of target person_msgs__rosidl_generator_c[0m
[5.720s] [  6%] Built target person_msgs__cpp
[5.726s] [  9%] [32mBuilding C object CMakeFiles/person_msgs__rosidl_generator_c.dir/rosidl_generator_c/person_msgs/msg/detail/person__functions.c.o[0m
[5.727s] [ 12%] [34m[1mGenerating C++ type support for eProsima Fast-RTPS[0m
[5.729s] [ 19%] [34m[1mGenerating C++ introspection for ROS interfaces[0m
[5.729s] [ 16%] [34m[1mGenerating C++ type support dispatch for ROS interfaces[0m
[5.792s] [ 22%] [32m[1mLinking C shared library libperson_msgs__rosidl_generator_c.so[0m
[5.863s] [ 22%] Built target person_msgs__rosidl_generator_c
[5.870s] [ 25%] [34m[1mGenerating C introspection for ROS interfaces[0m
[5.871s] [ 29%] [34m[1mGenerating C type support dispatch for ROS interfaces[0m
[5.890s] [35m[1mScanning dependencies of target person_msgs__rosidl_typesupport_cpp[0m
[5.906s] [ 32%] [32mBuilding CXX object CMakeFiles/person_msgs__rosidl_typesupport_cpp.dir/rosidl_typesupport_cpp/person_msgs/msg/person__type_support.cpp.o[0m
[5.912s] [35m[1mScanning dependencies of target person_msgs__rosidl_typesupport_introspection_cpp[0m
[5.919s] [35m[1mScanning dependencies of target person_msgs__rosidl_typesupport_fastrtps_cpp[0m
[5.923s] [ 35%] [32mBuilding CXX object CMakeFiles/person_msgs__rosidl_typesupport_introspection_cpp.dir/rosidl_typesupport_introspection_cpp/person_msgs/msg/detail/person__type_support.cpp.o[0m
[5.934s] [ 38%] [32mBuilding CXX object CMakeFiles/person_msgs__rosidl_typesupport_fastrtps_cpp.dir/rosidl_typesupport_fastrtps_cpp/person_msgs/msg/detail/dds_fastrtps/person__type_support.cpp.o[0m
[6.018s] [35m[1mScanning dependencies of target person_msgs__rosidl_typesupport_c[0m
[6.027s] [ 41%] [32mBuilding CXX object CMakeFiles/person_msgs__rosidl_typesupport_c.dir/rosidl_typesupport_c/person_msgs/msg/person__type_support.cpp.o[0m
[6.051s] [35m[1mScanning dependencies of target person_msgs__rosidl_typesupport_introspection_c[0m
[6.053s] [ 45%] [32m[1mLinking CXX shared library libperson_msgs__rosidl_typesupport_c.so[0m
[6.063s] [ 48%] [32mBuilding C object CMakeFiles/person_msgs__rosidl_typesupport_introspection_c.dir/rosidl_typesupport_introspection_c/person_msgs/msg/detail/person__type_support.c.o[0m
[6.092s] [ 51%] [32m[1mLinking C shared library libperson_msgs__rosidl_typesupport_introspection_c.so[0m
[6.123s] [ 51%] Built target person_msgs__rosidl_typesupport_c
[6.155s] [ 51%] Built target person_msgs__rosidl_typesupport_introspection_c
[6.162s] [ 54%] [32m[1mLinking CXX shared library libperson_msgs__rosidl_typesupport_cpp.so[0m
[6.183s] [ 58%] [32m[1mLinking CXX shared library libperson_msgs__rosidl_typesupport_introspection_cpp.so[0m
[6.222s] [ 58%] Built target person_msgs__rosidl_typesupport_cpp
[6.250s] [ 58%] Built target person_msgs__rosidl_typesupport_introspection_cpp
[6.260s] [ 61%] [32m[1mLinking CXX shared library libperson_msgs__rosidl_typesupport_fastrtps_cpp.so[0m
[6.336s] [ 61%] Built target person_msgs__rosidl_typesupport_fastrtps_cpp
[6.343s] [ 64%] [34m[1mGenerating C type support for eProsima Fast-RTPS[0m
[6.473s] [35m[1mScanning dependencies of target person_msgs__rosidl_typesupport_fastrtps_c[0m
[6.483s] [ 67%] [32mBuilding CXX object CMakeFiles/person_msgs__rosidl_typesupport_fastrtps_c.dir/rosidl_typesupport_fastrtps_c/person_msgs/msg/detail/person__type_support_c.cpp.o[0m
[6.675s] [ 70%] [32m[1mLinking CXX shared library libperson_msgs__rosidl_typesupport_fastrtps_c.so[0m
[6.760s] [ 70%] Built target person_msgs__rosidl_typesupport_fastrtps_c
[6.765s] [35m[1mScanning dependencies of target person_msgs[0m
[6.771s] [ 70%] Built target person_msgs
[6.777s] [35m[1mScanning dependencies of target person_msgs__py[0m
[6.784s] [ 74%] [34m[1mGenerating Python code for ROS interfaces[0m
[7.025s] [ 74%] Built target person_msgs__py
[7.031s] [35m[1mScanning dependencies of target person_msgs__python[0m
[7.068s] [ 77%] [32mBuilding C object CMakeFiles/person_msgs__python.dir/rosidl_generator_py/person_msgs/msg/_person_s.c.o[0m
[7.135s] [ 80%] [32m[1mLinking C shared library rosidl_generator_py/person_msgs/libperson_msgs__python.so[0m
[7.192s] [ 80%] Built target person_msgs__python
[7.198s] [35m[1mScanning dependencies of target person_msgs__rosidl_typesupport_fastrtps_c__pyext[0m
[7.199s] [35m[1mScanning dependencies of target person_msgs__rosidl_typesupport_c__pyext[0m
[7.199s] [35m[1mScanning dependencies of target person_msgs__rosidl_typesupport_introspection_c__pyext[0m
[7.211s] [ 83%] [32mBuilding C object CMakeFiles/person_msgs__rosidl_typesupport_c__pyext.dir/rosidl_generator_py/person_msgs/_person_msgs_s.ep.rosidl_typesupport_c.c.o[0m
[7.213s] [ 90%] [32mBuilding C object CMakeFiles/person_msgs__rosidl_typesupport_fastrtps_c__pyext.dir/rosidl_generator_py/person_msgs/_person_msgs_s.ep.rosidl_typesupport_fastrtps_c.c.o[0m
[7.213s] [ 90%] [32mBuilding C object CMakeFiles/person_msgs__rosidl_typesupport_introspection_c__pyext.dir/rosidl_generator_py/person_msgs/_person_msgs_s.ep.rosidl_typesupport_introspection_c.c.o[0m
[7.260s] [ 93%] [32m[1mLinking C shared library rosidl_generator_py/person_msgs/person_msgs_s__rosidl_typesupport_introspection_c.cpython-38-x86_64-linux-gnu.so[0m
[7.260s] [ 96%] [32m[1mLinking CXX shared library rosidl_generator_py/person_msgs/person_msgs_s__rosidl_typesupport_fastrtps_c.cpython-38-x86_64-linux-gnu.so[0m
[7.260s] [100%] [32m[1mLinking C shared library rosidl_generator_py/person_msgs/person_msgs_s__rosidl_typesupport_c.cpython-38-x86_64-linux-gnu.so[0m
[7.308s] [100%] Built target person_msgs__rosidl_typesupport_c__pyext
[7.309s] [100%] Built target person_msgs__rosidl_typesupport_introspection_c__pyext
[7.325s] [100%] Built target person_msgs__rosidl_typesupport_fastrtps_c__pyext
[7.334s] Invoked command in '/home/bun/ros2_ws/build/person_msgs' returned '0': /usr/bin/cmake --build /home/bun/ros2_ws/build/person_msgs -- -j8 -l8
[7.342s] Invoking command in '/home/bun/ros2_ws/build/person_msgs': /usr/bin/cmake --install /home/bun/ros2_ws/build/person_msgs
[7.346s] -- Install configuration: ""
[7.347s] -- Installing: /home/bun/ros2_ws/install/person_msgs/share/ament_index/resource_index/rosidl_interfaces/person_msgs
[7.347s] -- Installing: /home/bun/ros2_ws/install/person_msgs/include/person_msgs
[7.347s] -- Installing: /home/bun/ros2_ws/install/person_msgs/include/person_msgs/msg
[7.347s] -- Installing: /home/bun/ros2_ws/install/person_msgs/include/person_msgs/msg/rosidl_generator_c__visibility_control.h
[7.347s] -- Installing: /home/bun/ros2_ws/install/person_msgs/include/person_msgs/msg/person.h
[7.347s] -- Installing: /home/bun/ros2_ws/install/person_msgs/include/person_msgs/msg/detail
[7.347s] -- Installing: /home/bun/ros2_ws/install/person_msgs/include/person_msgs/msg/detail/person__functions.h
[7.347s] -- Installing: /home/bun/ros2_ws/install/person_msgs/include/person_msgs/msg/detail/person__type_support.h
[7.347s] -- Installing: /home/bun/ros2_ws/install/person_msgs/include/person_msgs/msg/detail/person__functions.c
[7.348s] -- Installing: /home/bun/ros2_ws/install/person_msgs/include/person_msgs/msg/detail/person__struct.h
[7.348s] -- Installing: /home/bun/ros2_ws/install/person_msgs/share/person_msgs/environment/library_path.sh
[7.348s] -- Installing: /home/bun/ros2_ws/install/person_msgs/share/person_msgs/environment/library_path.dsv
[7.348s] -- Installing: /home/bun/ros2_ws/install/person_msgs/lib/libperson_msgs__rosidl_generator_c.so
[7.348s] -- Set runtime path of "/home/bun/ros2_ws/install/person_msgs/lib/libperson_msgs__rosidl_generator_c.so" to ""
[7.348s] -- Up-to-date: /home/bun/ros2_ws/install/person_msgs/include/person_msgs
[7.348s] -- Up-to-date: /home/bun/ros2_ws/install/person_msgs/include/person_msgs/msg
[7.348s] -- Installing: /home/bun/ros2_ws/install/person_msgs/include/person_msgs/msg/rosidl_typesupport_fastrtps_c__visibility_control.h
[7.348s] -- Up-to-date: /home/bun/ros2_ws/install/person_msgs/include/person_msgs/msg/detail
[7.349s] -- Installing: /home/bun/ros2_ws/install/person_msgs/include/person_msgs/msg/detail/person__rosidl_typesupport_fastrtps_c.h
[7.349s] -- Installing: /home/bun/ros2_ws/install/person_msgs/lib/libperson_msgs__rosidl_typesupport_fastrtps_c.so
[7.349s] -- Set runtime path of "/home/bun/ros2_ws/install/person_msgs/lib/libperson_msgs__rosidl_typesupport_fastrtps_c.so" to ""
[7.349s] -- Up-to-date: /home/bun/ros2_ws/install/person_msgs/include/person_msgs
[7.349s] -- Up-to-date: /home/bun/ros2_ws/install/person_msgs/include/person_msgs/msg
[7.349s] -- Up-to-date: /home/bun/ros2_ws/install/person_msgs/include/person_msgs/msg/detail
[7.349s] -- Installing: /home/bun/ros2_ws/install/person_msgs/include/person_msgs/msg/detail/dds_fastrtps
[7.349s] -- Installing: /home/bun/ros2_ws/install/person_msgs/include/person_msgs/msg/detail/person__rosidl_typesupport_fastrtps_cpp.hpp
[7.349s] -- Installing: /home/bun/ros2_ws/install/person_msgs/include/person_msgs/msg/rosidl_typesupport_fastrtps_cpp__visibility_control.h
[7.349s] -- Installing: /home/bun/ros2_ws/install/person_msgs/lib/libperson_msgs__rosidl_typesupport_fastrtps_cpp.so
[7.350s] -- Set runtime path of "/home/bun/ros2_ws/install/person_msgs/lib/libperson_msgs__rosidl_typesupport_fastrtps_cpp.so" to ""
[7.350s] -- Up-to-date: /home/bun/ros2_ws/install/person_msgs/include/person_msgs
[7.350s] -- Up-to-date: /home/bun/ros2_ws/install/person_msgs/include/person_msgs/msg
[7.350s] -- Installing: /home/bun/ros2_ws/install/person_msgs/include/person_msgs/msg/rosidl_typesupport_introspection_c__visibility_control.h
[7.350s] -- Up-to-date: /home/bun/ros2_ws/install/person_msgs/include/person_msgs/msg/detail
[7.350s] -- Installing: /home/bun/ros2_ws/install/person_msgs/include/person_msgs/msg/detail/person__rosidl_typesupport_introspection_c.h
[7.350s] -- Installing: /home/bun/ros2_ws/install/person_msgs/include/person_msgs/msg/detail/person__type_support.c
[7.350s] -- Installing: /home/bun/ros2_ws/install/person_msgs/lib/libperson_msgs__rosidl_typesupport_introspection_c.so
[7.350s] -- Set runtime path of "/home/bun/ros2_ws/install/person_msgs/lib/libperson_msgs__rosidl_typesupport_introspection_c.so" to ""
[7.351s] -- Installing: /home/bun/ros2_ws/install/person_msgs/lib/libperson_msgs__rosidl_typesupport_c.so
[7.351s] -- Set runtime path of "/home/bun/ros2_ws/install/person_msgs/lib/libperson_msgs__rosidl_typesupport_c.so" to ""
[7.351s] -- Up-to-date: /home/bun/ros2_ws/install/person_msgs/include/person_msgs
[7.351s] -- Up-to-date: /home/bun/ros2_ws/install/person_msgs/include/person_msgs/msg
[7.351s] -- Installing: /home/bun/ros2_ws/install/person_msgs/include/person_msgs/msg/rosidl_generator_cpp__visibility_control.hpp
[7.351s] -- Installing: /home/bun/ros2_ws/install/person_msgs/include/person_msgs/msg/person.hpp
[7.351s] -- Up-to-date: /home/bun/ros2_ws/install/person_msgs/include/person_msgs/msg/detail
[7.351s] -- Installing: /home/bun/ros2_ws/install/person_msgs/include/person_msgs/msg/detail/person__type_support.hpp
[7.351s] -- Installing: /home/bun/ros2_ws/install/person_msgs/include/person_msgs/msg/detail/person__builder.hpp
[7.351s] -- Installing: /home/bun/ros2_ws/install/person_msgs/include/person_msgs/msg/detail/person__traits.hpp
[7.351s] -- Installing: /home/bun/ros2_ws/install/person_msgs/include/person_msgs/msg/detail/person__struct.hpp
[7.351s] -- Up-to-date: /home/bun/ros2_ws/install/person_msgs/include/person_msgs
[7.352s] -- Up-to-date: /home/bun/ros2_ws/install/person_msgs/include/person_msgs/msg
[7.352s] -- Up-to-date: /home/bun/ros2_ws/install/person_msgs/include/person_msgs/msg/detail
[7.352s] -- Installing: /home/bun/ros2_ws/install/person_msgs/include/person_msgs/msg/detail/person__rosidl_typesupport_introspection_cpp.hpp
[7.352s] -- Installing: /home/bun/ros2_ws/install/person_msgs/include/person_msgs/msg/detail/person__type_support.cpp
[7.352s] -- Installing: /home/bun/ros2_ws/install/person_msgs/lib/libperson_msgs__rosidl_typesupport_introspection_cpp.so
[7.352s] -- Set runtime path of "/home/bun/ros2_ws/install/person_msgs/lib/libperson_msgs__rosidl_typesupport_introspection_cpp.so" to ""
[7.352s] -- Installing: /home/bun/ros2_ws/install/person_msgs/lib/libperson_msgs__rosidl_typesupport_cpp.so
[7.352s] -- Set runtime path of "/home/bun/ros2_ws/install/person_msgs/lib/libperson_msgs__rosidl_typesupport_cpp.so" to ""
[7.353s] -- Installing: /home/bun/ros2_ws/install/person_msgs/share/person_msgs/environment/pythonpath.sh
[7.353s] -- Installing: /home/bun/ros2_ws/install/person_msgs/share/person_msgs/environment/pythonpath.dsv
[7.353s] -- Installing: /home/bun/ros2_ws/install/person_msgs/lib/python3.8/site-packages/person_msgs/__init__.py
[7.372s] Compiling '/home/bun/ros2_ws/install/person_msgs/lib/python3.8/site-packages/person_msgs/__init__.py'...
[7.374s] -- Installing: /home/bun/ros2_ws/install/person_msgs/lib/python3.8/site-packages/person_msgs/msg
[7.374s] -- Installing: /home/bun/ros2_ws/install/person_msgs/lib/python3.8/site-packages/person_msgs/msg/__init__.py
[7.374s] -- Installing: /home/bun/ros2_ws/install/person_msgs/lib/python3.8/site-packages/person_msgs/msg/_person_s.c
[7.375s] -- Installing: /home/bun/ros2_ws/install/person_msgs/lib/python3.8/site-packages/person_msgs/msg/_person.py
[7.375s] -- Installing: /home/bun/ros2_ws/install/person_msgs/lib/python3.8/site-packages/person_msgs/person_msgs_s__rosidl_typesupport_fastrtps_c.cpython-38-x86_64-linux-gnu.so
[7.375s] -- Set runtime path of "/home/bun/ros2_ws/install/person_msgs/lib/python3.8/site-packages/person_msgs/person_msgs_s__rosidl_typesupport_fastrtps_c.cpython-38-x86_64-linux-gnu.so" to ""
[7.375s] -- Installing: /home/bun/ros2_ws/install/person_msgs/lib/python3.8/site-packages/person_msgs/person_msgs_s__rosidl_typesupport_introspection_c.cpython-38-x86_64-linux-gnu.so
[7.375s] -- Set runtime path of "/home/bun/ros2_ws/install/person_msgs/lib/python3.8/site-packages/person_msgs/person_msgs_s__rosidl_typesupport_introspection_c.cpython-38-x86_64-linux-gnu.so" to ""
[7.375s] -- Installing: /home/bun/ros2_ws/install/person_msgs/lib/python3.8/site-packages/person_msgs/person_msgs_s__rosidl_typesupport_c.cpython-38-x86_64-linux-gnu.so
[7.376s] -- Set runtime path of "/home/bun/ros2_ws/install/person_msgs/lib/python3.8/site-packages/person_msgs/person_msgs_s__rosidl_typesupport_c.cpython-38-x86_64-linux-gnu.so" to ""
[7.376s] -- Installing: /home/bun/ros2_ws/install/person_msgs/lib/libperson_msgs__python.so
[7.376s] -- Set runtime path of "/home/bun/ros2_ws/install/person_msgs/lib/libperson_msgs__python.so" to ""
[7.376s] -- Installing: /home/bun/ros2_ws/install/person_msgs/share/person_msgs/msg/Person.idl
[7.376s] -- Installing: /home/bun/ros2_ws/install/person_msgs/share/person_msgs/msg/Person.msg
[7.377s] -- Installing: /home/bun/ros2_ws/install/person_msgs/share/ament_index/resource_index/package_run_dependencies/person_msgs
[7.377s] -- Installing: /home/bun/ros2_ws/install/person_msgs/share/ament_index/resource_index/parent_prefix_path/person_msgs
[7.377s] -- Installing: /home/bun/ros2_ws/install/person_msgs/share/person_msgs/environment/ament_prefix_path.sh
[7.377s] -- Installing: /home/bun/ros2_ws/install/person_msgs/share/person_msgs/environment/ament_prefix_path.dsv
[7.377s] -- Installing: /home/bun/ros2_ws/install/person_msgs/share/person_msgs/environment/path.sh
[7.377s] -- Installing: /home/bun/ros2_ws/install/person_msgs/share/person_msgs/environment/path.dsv
[7.377s] -- Installing: /home/bun/ros2_ws/install/person_msgs/share/person_msgs/local_setup.bash
[7.377s] -- Installing: /home/bun/ros2_ws/install/person_msgs/share/person_msgs/local_setup.sh
[7.377s] -- Installing: /home/bun/ros2_ws/install/person_msgs/share/person_msgs/local_setup.zsh
[7.378s] -- Installing: /home/bun/ros2_ws/install/person_msgs/share/person_msgs/local_setup.dsv
[7.378s] -- Installing: /home/bun/ros2_ws/install/person_msgs/share/person_msgs/package.dsv
[7.378s] -- Installing: /home/bun/ros2_ws/install/person_msgs/share/ament_index/resource_index/packages/person_msgs
[7.378s] -- Installing: /home/bun/ros2_ws/install/person_msgs/share/person_msgs/cmake/person_msgs__rosidl_generator_cExport.cmake
[7.378s] -- Installing: /home/bun/ros2_ws/install/person_msgs/share/person_msgs/cmake/person_msgs__rosidl_generator_cExport-noconfig.cmake
[7.378s] -- Installing: /home/bun/ros2_ws/install/person_msgs/share/person_msgs/cmake/person_msgs__rosidl_typesupport_introspection_cExport.cmake
[7.378s] -- Installing: /home/bun/ros2_ws/install/person_msgs/share/person_msgs/cmake/person_msgs__rosidl_typesupport_introspection_cExport-noconfig.cmake
[7.378s] -- Installing: /home/bun/ros2_ws/install/person_msgs/share/person_msgs/cmake/person_msgs__rosidl_typesupport_cExport.cmake
[7.378s] -- Installing: /home/bun/ros2_ws/install/person_msgs/share/person_msgs/cmake/person_msgs__rosidl_typesupport_cExport-noconfig.cmake
[7.378s] -- Installing: /home/bun/ros2_ws/install/person_msgs/share/person_msgs/cmake/person_msgs__rosidl_generator_cppExport.cmake
[7.378s] -- Installing: /home/bun/ros2_ws/install/person_msgs/share/person_msgs/cmake/person_msgs__rosidl_typesupport_introspection_cppExport.cmake
[7.379s] -- Installing: /home/bun/ros2_ws/install/person_msgs/share/person_msgs/cmake/person_msgs__rosidl_typesupport_introspection_cppExport-noconfig.cmake
[7.379s] -- Installing: /home/bun/ros2_ws/install/person_msgs/share/person_msgs/cmake/person_msgs__rosidl_typesupport_cppExport.cmake
[7.379s] -- Installing: /home/bun/ros2_ws/install/person_msgs/share/person_msgs/cmake/person_msgs__rosidl_typesupport_cppExport-noconfig.cmake
[7.379s] -- Installing: /home/bun/ros2_ws/install/person_msgs/share/person_msgs/cmake/rosidl_cmake-extras.cmake
[7.379s] -- Installing: /home/bun/ros2_ws/install/person_msgs/share/person_msgs/cmake/ament_cmake_export_dependencies-extras.cmake
[7.379s] -- Installing: /home/bun/ros2_ws/install/person_msgs/share/person_msgs/cmake/ament_cmake_export_libraries-extras.cmake
[7.379s] -- Installing: /home/bun/ros2_ws/install/person_msgs/share/person_msgs/cmake/ament_cmake_export_targets-extras.cmake
[7.379s] -- Installing: /home/bun/ros2_ws/install/person_msgs/share/person_msgs/cmake/ament_cmake_export_include_directories-extras.cmake
[7.379s] -- Installing: /home/bun/ros2_ws/install/person_msgs/share/person_msgs/cmake/rosidl_cmake_export_typesupport_libraries-extras.cmake
[7.379s] -- Installing: /home/bun/ros2_ws/install/person_msgs/share/person_msgs/cmake/rosidl_cmake_export_typesupport_targets-extras.cmake
[7.379s] -- Installing: /home/bun/ros2_ws/install/person_msgs/share/person_msgs/cmake/person_msgsConfig.cmake
[7.380s] -- Installing: /home/bun/ros2_ws/install/person_msgs/share/person_msgs/cmake/person_msgsConfig-version.cmake
[7.380s] -- Installing: /home/bun/ros2_ws/install/person_msgs/share/person_msgs/package.xml
[7.382s] Invoked command in '/home/bun/ros2_ws/build/person_msgs' returned '0': /usr/bin/cmake --install /home/bun/ros2_ws/build/person_msgs
