[0.152s] DEBUG:colcon:Command line arguments: ['/usr/bin/colcon', 'build']
[0.152s] DEBUG:colcon:Parsed command line arguments: Namespace(allow_overriding=[], ament_cmake_args=None, base_paths=['.'], build_base='build', catkin_cmake_args=None, catkin_skip_building_tests=False, cmake_args=None, cmake_clean_cache=False, cmake_clean_first=False, cmake_force_configure=False, cmake_target=None, cmake_target_skip_unavailable=False, continue_on_error=False, event_handlers=None, executor='parallel', ignore_user_meta=False, install_base='install', log_base=None, log_level=None, main=<bound method BuildVerb.main of <colcon_core.verb.build.BuildVerb object at 0x7f1e8b21a880>>, merge_install=False, metas=['./colcon.meta'], packages_above=None, packages_above_and_dependencies=None, packages_above_depth=None, packages_end=None, packages_ignore=None, packages_ignore_regex=None, packages_select=None, packages_select_build_failed=False, packages_select_by_dep=None, packages_select_regex=None, packages_select_test_failures=False, packages_skip=None, packages_skip_build_finished=False, packages_skip_by_dep=None, packages_skip_regex=None, packages_skip_test_passed=False, packages_skip_up_to=None, packages_start=None, packages_up_to=None, packages_up_to_regex=None, parallel_workers=8, paths=None, symlink_install=False, test_result_base=None, verb_extension=<colcon_core.verb.build.BuildVerb object at 0x7f1e8b21a880>, verb_name='build', verb_parser=<colcon_defaults.argument_parser.defaults.DefaultArgumentsDecorator object at 0x7f1e8b21acd0>)
[0.240s] Level 1:colcon.colcon_core.package_discovery:discover_packages(colcon_meta) check parameters
[0.240s] Level 1:colcon.colcon_core.package_discovery:discover_packages(recursive) check parameters
[0.240s] Level 1:colcon.colcon_core.package_discovery:discover_packages(ignore) check parameters
[0.240s] Level 1:colcon.colcon_core.package_discovery:discover_packages(path) check parameters
[0.240s] Level 1:colcon.colcon_core.package_discovery:discover_packages(colcon_meta) discover
[0.240s] Level 1:colcon.colcon_core.package_discovery:discover_packages(recursive) discover
[0.240s] INFO:colcon.colcon_core.package_discovery:Crawling recursively for packages in '/home/bun/ros2_ws'
[0.241s] Level 1:colcon.colcon_core.package_identification:_identify(.) by extensions ['ignore', 'ignore_ament_install']
[0.241s] Level 1:colcon.colcon_core.package_identification:_identify(.) by extension 'ignore'
[0.241s] Level 1:colcon.colcon_core.package_identification:_identify(.) by extension 'ignore_ament_install'
[0.241s] Level 1:colcon.colcon_core.package_identification:_identify(.) by extensions ['colcon_pkg']
[0.241s] Level 1:colcon.colcon_core.package_identification:_identify(.) by extension 'colcon_pkg'
[0.241s] Level 1:colcon.colcon_core.package_identification:_identify(.) by extensions ['colcon_meta']
[0.241s] Level 1:colcon.colcon_core.package_identification:_identify(.) by extension 'colcon_meta'
[0.241s] Level 1:colcon.colcon_core.package_identification:_identify(.) by extensions ['ros']
[0.241s] Level 1:colcon.colcon_core.package_identification:_identify(.) by extension 'ros'
[0.248s] Level 1:colcon.colcon_core.package_identification:_identify(.) by extensions ['cmake', 'python']
[0.248s] Level 1:colcon.colcon_core.package_identification:_identify(.) by extension 'cmake'
[0.248s] Level 1:colcon.colcon_core.package_identification:_identify(.) by extension 'python'
[0.248s] Level 1:colcon.colcon_core.package_identification:_identify(.) by extensions ['python_setup_py']
[0.248s] Level 1:colcon.colcon_core.package_identification:_identify(.) by extension 'python_setup_py'
[0.249s] Level 1:colcon.colcon_core.package_identification:_identify(build) by extensions ['ignore', 'ignore_ament_install']
[0.249s] Level 1:colcon.colcon_core.package_identification:_identify(build) by extension 'ignore'
[0.249s] Level 1:colcon.colcon_core.package_identification:_identify(build) ignored
[0.249s] Level 1:colcon.colcon_core.package_identification:_identify(install) by extensions ['ignore', 'ignore_ament_install']
[0.249s] Level 1:colcon.colcon_core.package_identification:_identify(install) by extension 'ignore'
[0.249s] Level 1:colcon.colcon_core.package_identification:_identify(install) ignored
[0.249s] Level 1:colcon.colcon_core.package_identification:_identify(log) by extensions ['ignore', 'ignore_ament_install']
[0.249s] Level 1:colcon.colcon_core.package_identification:_identify(log) by extension 'ignore'
[0.249s] Level 1:colcon.colcon_core.package_identification:_identify(log) ignored
[0.249s] Level 1:colcon.colcon_core.package_identification:_identify(src) by extensions ['ignore', 'ignore_ament_install']
[0.249s] Level 1:colcon.colcon_core.package_identification:_identify(src) by extension 'ignore'
[0.249s] Level 1:colcon.colcon_core.package_identification:_identify(src) by extension 'ignore_ament_install'
[0.249s] Level 1:colcon.colcon_core.package_identification:_identify(src) by extensions ['colcon_pkg']
[0.249s] Level 1:colcon.colcon_core.package_identification:_identify(src) by extension 'colcon_pkg'
[0.249s] Level 1:colcon.colcon_core.package_identification:_identify(src) by extensions ['colcon_meta']
[0.249s] Level 1:colcon.colcon_core.package_identification:_identify(src) by extension 'colcon_meta'
[0.249s] Level 1:colcon.colcon_core.package_identification:_identify(src) by extensions ['ros']
[0.249s] Level 1:colcon.colcon_core.package_identification:_identify(src) by extension 'ros'
[0.249s] Level 1:colcon.colcon_core.package_identification:_identify(src) by extensions ['cmake', 'python']
[0.249s] Level 1:colcon.colcon_core.package_identification:_identify(src) by extension 'cmake'
[0.249s] Level 1:colcon.colcon_core.package_identification:_identify(src) by extension 'python'
[0.249s] Level 1:colcon.colcon_core.package_identification:_identify(src) by extensions ['python_setup_py']
[0.249s] Level 1:colcon.colcon_core.package_identification:_identify(src) by extension 'python_setup_py'
[0.249s] Level 1:colcon.colcon_core.package_identification:_identify(src/build) by extensions ['ignore', 'ignore_ament_install']
[0.249s] Level 1:colcon.colcon_core.package_identification:_identify(src/build) by extension 'ignore'
[0.249s] Level 1:colcon.colcon_core.package_identification:_identify(src/build) ignored
[0.249s] Level 1:colcon.colcon_core.package_identification:_identify(src/install) by extensions ['ignore', 'ignore_ament_install']
[0.249s] Level 1:colcon.colcon_core.package_identification:_identify(src/install) by extension 'ignore'
[0.249s] Level 1:colcon.colcon_core.package_identification:_identify(src/install) ignored
[0.249s] Level 1:colcon.colcon_core.package_identification:_identify(src/log) by extensions ['ignore', 'ignore_ament_install']
[0.250s] Level 1:colcon.colcon_core.package_identification:_identify(src/log) by extension 'ignore'
[0.250s] Level 1:colcon.colcon_core.package_identification:_identify(src/log) ignored
[0.250s] Level 1:colcon.colcon_core.package_identification:_identify(src/mypkg) by extensions ['ignore', 'ignore_ament_install']
[0.250s] Level 1:colcon.colcon_core.package_identification:_identify(src/mypkg) by extension 'ignore'
[0.250s] Level 1:colcon.colcon_core.package_identification:_identify(src/mypkg) by extension 'ignore_ament_install'
[0.250s] Level 1:colcon.colcon_core.package_identification:_identify(src/mypkg) by extensions ['colcon_pkg']
[0.250s] Level 1:colcon.colcon_core.package_identification:_identify(src/mypkg) by extension 'colcon_pkg'
[0.250s] Level 1:colcon.colcon_core.package_identification:_identify(src/mypkg) by extensions ['colcon_meta']
[0.250s] Level 1:colcon.colcon_core.package_identification:_identify(src/mypkg) by extension 'colcon_meta'
[0.250s] Level 1:colcon.colcon_core.package_identification:_identify(src/mypkg) by extensions ['ros']
[0.250s] Level 1:colcon.colcon_core.package_identification:_identify(src/mypkg) by extension 'ros'
[0.252s] DEBUG:colcon.colcon_core.package_identification:Package 'src/mypkg' with type 'ros.ament_python' and name 'mypkg'
[0.252s] Level 1:colcon.colcon_core.package_identification:_identify(src/person_msgs) by extensions ['ignore', 'ignore_ament_install']
[0.252s] Level 1:colcon.colcon_core.package_identification:_identify(src/person_msgs) by extension 'ignore'
[0.252s] Level 1:colcon.colcon_core.package_identification:_identify(src/person_msgs) by extension 'ignore_ament_install'
[0.252s] Level 1:colcon.colcon_core.package_identification:_identify(src/person_msgs) by extensions ['colcon_pkg']
[0.252s] Level 1:colcon.colcon_core.package_identification:_identify(src/person_msgs) by extension 'colcon_pkg'
[0.252s] Level 1:colcon.colcon_core.package_identification:_identify(src/person_msgs) by extensions ['colcon_meta']
[0.252s] Level 1:colcon.colcon_core.package_identification:_identify(src/person_msgs) by extension 'colcon_meta'
[0.252s] Level 1:colcon.colcon_core.package_identification:_identify(src/person_msgs) by extensions ['ros']
[0.252s] Level 1:colcon.colcon_core.package_identification:_identify(src/person_msgs) by extension 'ros'
[0.252s] DEBUG:colcon.colcon_core.package_identification:Package 'src/person_msgs' with type 'ros.ament_cmake' and name 'person_msgs'
[0.252s] Level 1:colcon.colcon_core.package_discovery:discover_packages(recursive) using defaults
[0.252s] Level 1:colcon.colcon_core.package_discovery:discover_packages(ignore) discover
[0.252s] Level 1:colcon.colcon_core.package_discovery:discover_packages(ignore) using defaults
[0.252s] Level 1:colcon.colcon_core.package_discovery:discover_packages(path) discover
[0.252s] Level 1:colcon.colcon_core.package_discovery:discover_packages(path) using defaults
[0.262s] Level 1:colcon.colcon_core.package_discovery:discover_packages(prefix_path) check parameters
[0.262s] Level 1:colcon.colcon_core.package_discovery:discover_packages(prefix_path) discover
[0.263s] DEBUG:colcon.colcon_installed_package_information.package_discovery:Found 0 installed packages in /home/bun/ros2_ws/install
[0.263s] DEBUG:colcon.colcon_installed_package_information.package_discovery:Found 1 installed packages in /home/bun/ros2_weather_ws/install
[0.264s] DEBUG:colcon.colcon_installed_package_information.package_discovery:Found 257 installed packages in /opt/ros/foxy
[0.265s] Level 1:colcon.colcon_core.package_discovery:discover_packages(prefix_path) using defaults
[0.308s] Level 5:colcon.colcon_core.verb:set package 'mypkg' build argument 'cmake_args' from command line to 'None'
[0.308s] Level 5:colcon.colcon_core.verb:set package 'mypkg' build argument 'cmake_target' from command line to 'None'
[0.308s] Level 5:colcon.colcon_core.verb:set package 'mypkg' build argument 'cmake_target_skip_unavailable' from command line to 'False'
[0.308s] Level 5:colcon.colcon_core.verb:set package 'mypkg' build argument 'cmake_clean_cache' from command line to 'False'
[0.308s] Level 5:colcon.colcon_core.verb:set package 'mypkg' build argument 'cmake_clean_first' from command line to 'False'
[0.308s] Level 5:colcon.colcon_core.verb:set package 'mypkg' build argument 'cmake_force_configure' from command line to 'False'
[0.308s] Level 5:colcon.colcon_core.verb:set package 'mypkg' build argument 'ament_cmake_args' from command line to 'None'
[0.308s] Level 5:colcon.colcon_core.verb:set package 'mypkg' build argument 'catkin_cmake_args' from command line to 'None'
[0.308s] Level 5:colcon.colcon_core.verb:set package 'mypkg' build argument 'catkin_skip_building_tests' from command line to 'False'
[0.308s] DEBUG:colcon.colcon_core.verb:Building package 'mypkg' with the following arguments: {'ament_cmake_args': None, 'build_base': '/home/bun/ros2_ws/build/mypkg', 'catkin_cmake_args': None, 'catkin_skip_building_tests': False, 'cmake_args': None, 'cmake_clean_cache': False, 'cmake_clean_first': False, 'cmake_force_configure': False, 'cmake_target': None, 'cmake_target_skip_unavailable': False, 'install_base': '/home/bun/ros2_ws/install/mypkg', 'merge_install': False, 'path': '/home/bun/ros2_ws/src/mypkg', 'symlink_install': False, 'test_result_base': None}
[0.308s] Level 5:colcon.colcon_core.verb:set package 'person_msgs' build argument 'cmake_args' from command line to 'None'
[0.308s] Level 5:colcon.colcon_core.verb:set package 'person_msgs' build argument 'cmake_target' from command line to 'None'
[0.308s] Level 5:colcon.colcon_core.verb:set package 'person_msgs' build argument 'cmake_target_skip_unavailable' from command line to 'False'
[0.308s] Level 5:colcon.colcon_core.verb:set package 'person_msgs' build argument 'cmake_clean_cache' from command line to 'False'
[0.308s] Level 5:colcon.colcon_core.verb:set package 'person_msgs' build argument 'cmake_clean_first' from command line to 'False'
[0.308s] Level 5:colcon.colcon_core.verb:set package 'person_msgs' build argument 'cmake_force_configure' from command line to 'False'
[0.308s] Level 5:colcon.colcon_core.verb:set package 'person_msgs' build argument 'ament_cmake_args' from command line to 'None'
[0.308s] Level 5:colcon.colcon_core.verb:set package 'person_msgs' build argument 'catkin_cmake_args' from command line to 'None'
[0.308s] Level 5:colcon.colcon_core.verb:set package 'person_msgs' build argument 'catkin_skip_building_tests' from command line to 'False'
[0.308s] DEBUG:colcon.colcon_core.verb:Building package 'person_msgs' with the following arguments: {'ament_cmake_args': None, 'build_base': '/home/bun/ros2_ws/build/person_msgs', 'catkin_cmake_args': None, 'catkin_skip_building_tests': False, 'cmake_args': None, 'cmake_clean_cache': False, 'cmake_clean_first': False, 'cmake_force_configure': False, 'cmake_target': None, 'cmake_target_skip_unavailable': False, 'install_base': '/home/bun/ros2_ws/install/person_msgs', 'merge_install': False, 'path': '/home/bun/ros2_ws/src/person_msgs', 'symlink_install': False, 'test_result_base': None}
[0.309s] INFO:colcon.colcon_core.executor:Executing jobs using 'parallel' executor
[0.309s] DEBUG:colcon.colcon_parallel_executor.executor.parallel:run_until_complete
[0.310s] INFO:colcon.colcon_ros.task.ament_python.build:Building ROS package in '/home/bun/ros2_ws/src/mypkg' with build type 'ament_python'
[0.310s] Level 1:colcon.colcon_core.shell:create_environment_hook('mypkg', 'ament_prefix_path')
[0.312s] INFO:colcon.colcon_core.plugin_system:Skipping extension 'colcon_core.shell.bat': Not used on non-Windows systems
[0.312s] INFO:colcon.colcon_core.shell:Creating environment hook '/home/bun/ros2_ws/install/mypkg/share/mypkg/hook/ament_prefix_path.ps1'
[0.323s] INFO:colcon.colcon_core.shell:Creating environment descriptor '/home/bun/ros2_ws/install/mypkg/share/mypkg/hook/ament_prefix_path.dsv'
[0.324s] INFO:colcon.colcon_core.shell:Creating environment hook '/home/bun/ros2_ws/install/mypkg/share/mypkg/hook/ament_prefix_path.sh'
[0.325s] INFO:colcon.colcon_core.shell:Skip shell extension 'powershell' for command environment: Not usable outside of PowerShell
[0.325s] DEBUG:colcon.colcon_core.shell:Skip shell extension 'dsv' for command environment
[0.328s] INFO:colcon.colcon_ros.task.ament_cmake.build:Building ROS package in '/home/bun/ros2_ws/src/person_msgs' with build type 'ament_cmake'
[0.328s] INFO:colcon.colcon_cmake.task.cmake.build:Building CMake package in '/home/bun/ros2_ws/src/person_msgs'
[0.328s] INFO:colcon.colcon_core.shell:Skip shell extension 'powershell' for command environment: Not usable outside of PowerShell
[0.328s] DEBUG:colcon.colcon_core.shell:Skip shell extension 'dsv' for command environment
[0.481s] INFO:colcon.colcon_core.task.python.build:Building Python package in '/home/bun/ros2_ws/src/mypkg'
[0.481s] INFO:colcon.colcon_core.shell:Skip shell extension 'powershell' for command environment: Not usable outside of PowerShell
[0.481s] DEBUG:colcon.colcon_core.shell:Skip shell extension 'dsv' for command environment
[0.489s] DEBUG:colcon.colcon_core.event_handler.log_command:Invoking command in '/home/bun/ros2_ws/build/person_msgs': /usr/bin/cmake /home/bun/ros2_ws/src/person_msgs -DCMAKE_INSTALL_PREFIX=/home/bun/ros2_ws/install/person_msgs
[0.772s] DEBUG:colcon.colcon_core.event_handler.log_command:Invoking command in '/home/bun/ros2_ws/src/mypkg': PYTHONPATH=/home/bun/ros2_ws/build/mypkg/prefix_override:/usr/lib/python3/dist-packages/colcon_core/task/python/colcon_distutils_commands:/home/bun/ros2_ws/install/mypkg/lib/python3.8/site-packages:${PYTHONPATH} /usr/bin/python3 -W ignore:setup.py install is deprecated -W ignore:easy_install command is deprecated setup.py egg_info --egg-base ../../build/mypkg build --build-base /home/bun/ros2_ws/build/mypkg/build install --record /home/bun/ros2_ws/build/mypkg/install.log --install-scripts $base/lib/mypkg --single-version-externally-managed install_data
[0.948s] DEBUG:colcon.colcon_core.event_handler.log_command:Invoked command in '/home/bun/ros2_ws/src/mypkg' returned '0': PYTHONPATH=/home/bun/ros2_ws/build/mypkg/prefix_override:/usr/lib/python3/dist-packages/colcon_core/task/python/colcon_distutils_commands:/home/bun/ros2_ws/install/mypkg/lib/python3.8/site-packages:${PYTHONPATH} /usr/bin/python3 -W ignore:setup.py install is deprecated -W ignore:easy_install command is deprecated setup.py egg_info --egg-base ../../build/mypkg build --build-base /home/bun/ros2_ws/build/mypkg/build install --record /home/bun/ros2_ws/build/mypkg/install.log --install-scripts $base/lib/mypkg --single-version-externally-managed install_data
[0.955s] Level 1:colcon.colcon_core.environment:checking '/home/bun/ros2_ws/install/mypkg' for CMake module files
[0.955s] Level 1:colcon.colcon_core.environment:checking '/home/bun/ros2_ws/install/mypkg' for CMake config files
[0.956s] Level 1:colcon.colcon_core.environment:checking '/home/bun/ros2_ws/install/mypkg/lib'
[0.956s] Level 1:colcon.colcon_core.environment:checking '/home/bun/ros2_ws/install/mypkg/bin'
[0.956s] Level 1:colcon.colcon_core.environment:checking '/home/bun/ros2_ws/install/mypkg/lib/pkgconfig/mypkg.pc'
[0.956s] Level 1:colcon.colcon_core.environment:checking '/home/bun/ros2_ws/install/mypkg/lib/python3.8/site-packages'
[0.956s] Level 1:colcon.colcon_core.shell:create_environment_hook('mypkg', 'pythonpath')
[0.956s] INFO:colcon.colcon_core.shell:Creating environment hook '/home/bun/ros2_ws/install/mypkg/share/mypkg/hook/pythonpath.ps1'
[0.957s] INFO:colcon.colcon_core.shell:Creating environment descriptor '/home/bun/ros2_ws/install/mypkg/share/mypkg/hook/pythonpath.dsv'
[0.957s] INFO:colcon.colcon_core.shell:Creating environment hook '/home/bun/ros2_ws/install/mypkg/share/mypkg/hook/pythonpath.sh'
[0.958s] Level 1:colcon.colcon_core.environment:checking '/home/bun/ros2_ws/install/mypkg/bin'
[0.958s] Level 1:colcon.colcon_core.environment:create_environment_scripts_only(mypkg)
[0.958s] INFO:colcon.colcon_core.shell:Creating package script '/home/bun/ros2_ws/install/mypkg/share/mypkg/package.ps1'
[0.959s] INFO:colcon.colcon_core.shell:Creating package descriptor '/home/bun/ros2_ws/install/mypkg/share/mypkg/package.dsv'
[0.959s] INFO:colcon.colcon_core.shell:Creating package script '/home/bun/ros2_ws/install/mypkg/share/mypkg/package.sh'
[0.960s] INFO:colcon.colcon_core.shell:Creating package script '/home/bun/ros2_ws/install/mypkg/share/mypkg/package.bash'
[0.961s] INFO:colcon.colcon_core.shell:Creating package script '/home/bun/ros2_ws/install/mypkg/share/mypkg/package.zsh'
[0.962s] Level 1:colcon.colcon_core.environment:create_file_with_runtime_dependencies(/home/bun/ros2_ws/install/mypkg/share/colcon-core/packages/mypkg)
[5.865s] DEBUG:colcon.colcon_core.event_handler.log_command:Invoked command in '/home/bun/ros2_ws/build/person_msgs' returned '0': /usr/bin/cmake /home/bun/ros2_ws/src/person_msgs -DCMAKE_INSTALL_PREFIX=/home/bun/ros2_ws/install/person_msgs
[5.866s] DEBUG:colcon.colcon_core.event_handler.log_command:Invoking command in '/home/bun/ros2_ws/build/person_msgs': /usr/bin/cmake --build /home/bun/ros2_ws/build/person_msgs -- -j8 -l8
[7.663s] DEBUG:colcon.colcon_core.event_handler.log_command:Invoked command in '/home/bun/ros2_ws/build/person_msgs' returned '0': /usr/bin/cmake --build /home/bun/ros2_ws/build/person_msgs -- -j8 -l8
[7.671s] DEBUG:colcon.colcon_core.event_handler.log_command:Invoking command in '/home/bun/ros2_ws/build/person_msgs': /usr/bin/cmake --install /home/bun/ros2_ws/build/person_msgs
[7.710s] Level 1:colcon.colcon_core.environment:create_environment_scripts_only(person_msgs)
[7.711s] Level 1:colcon.colcon_core.environment:checking '/home/bun/ros2_ws/install/person_msgs' for CMake module files
[7.711s] DEBUG:colcon.colcon_core.event_handler.log_command:Invoked command in '/home/bun/ros2_ws/build/person_msgs' returned '0': /usr/bin/cmake --install /home/bun/ros2_ws/build/person_msgs
[7.711s] Level 1:colcon.colcon_core.environment:checking '/home/bun/ros2_ws/install/person_msgs' for CMake config files
[7.711s] Level 1:colcon.colcon_core.shell:create_environment_hook('person_msgs', 'cmake_prefix_path')
[7.712s] INFO:colcon.colcon_core.shell:Creating environment hook '/home/bun/ros2_ws/install/person_msgs/share/person_msgs/hook/cmake_prefix_path.ps1'
[7.712s] INFO:colcon.colcon_core.shell:Creating environment descriptor '/home/bun/ros2_ws/install/person_msgs/share/person_msgs/hook/cmake_prefix_path.dsv'
[7.713s] INFO:colcon.colcon_core.shell:Creating environment hook '/home/bun/ros2_ws/install/person_msgs/share/person_msgs/hook/cmake_prefix_path.sh'
[7.713s] Level 1:colcon.colcon_core.environment:checking '/home/bun/ros2_ws/install/person_msgs/lib'
[7.713s] Level 1:colcon.colcon_core.shell:create_environment_hook('person_msgs', 'ld_library_path_lib')
[7.713s] INFO:colcon.colcon_core.shell:Creating environment hook '/home/bun/ros2_ws/install/person_msgs/share/person_msgs/hook/ld_library_path_lib.ps1'
[7.713s] INFO:colcon.colcon_core.shell:Creating environment descriptor '/home/bun/ros2_ws/install/person_msgs/share/person_msgs/hook/ld_library_path_lib.dsv'
[7.713s] INFO:colcon.colcon_core.shell:Creating environment hook '/home/bun/ros2_ws/install/person_msgs/share/person_msgs/hook/ld_library_path_lib.sh'
[7.714s] Level 1:colcon.colcon_core.environment:checking '/home/bun/ros2_ws/install/person_msgs/bin'
[7.714s] Level 1:colcon.colcon_core.environment:checking '/home/bun/ros2_ws/install/person_msgs/lib/pkgconfig/person_msgs.pc'
[7.714s] Level 1:colcon.colcon_core.environment:checking '/home/bun/ros2_ws/install/person_msgs/lib/python3.8/site-packages'
[7.714s] Level 1:colcon.colcon_core.shell:create_environment_hook('person_msgs', 'pythonpath')
[7.714s] INFO:colcon.colcon_core.shell:Creating environment hook '/home/bun/ros2_ws/install/person_msgs/share/person_msgs/hook/pythonpath.ps1'
[7.714s] INFO:colcon.colcon_core.shell:Creating environment descriptor '/home/bun/ros2_ws/install/person_msgs/share/person_msgs/hook/pythonpath.dsv'
[7.714s] INFO:colcon.colcon_core.shell:Creating environment hook '/home/bun/ros2_ws/install/person_msgs/share/person_msgs/hook/pythonpath.sh'
[7.715s] Level 1:colcon.colcon_core.environment:checking '/home/bun/ros2_ws/install/person_msgs/bin'
[7.715s] INFO:colcon.colcon_core.shell:Creating package script '/home/bun/ros2_ws/install/person_msgs/share/person_msgs/package.ps1'
[7.715s] INFO:colcon.colcon_core.shell:Creating package descriptor '/home/bun/ros2_ws/install/person_msgs/share/person_msgs/package.dsv'
[7.715s] INFO:colcon.colcon_core.shell:Creating package script '/home/bun/ros2_ws/install/person_msgs/share/person_msgs/package.sh'
[7.716s] INFO:colcon.colcon_core.shell:Creating package script '/home/bun/ros2_ws/install/person_msgs/share/person_msgs/package.bash'
[7.716s] INFO:colcon.colcon_core.shell:Creating package script '/home/bun/ros2_ws/install/person_msgs/share/person_msgs/package.zsh'
[7.716s] Level 1:colcon.colcon_core.environment:create_file_with_runtime_dependencies(/home/bun/ros2_ws/install/person_msgs/share/colcon-core/packages/person_msgs)
[7.716s] Level 1:colcon.colcon_core.environment:create_environment_scripts_only(person_msgs)
[7.717s] Level 1:colcon.colcon_core.environment:checking '/home/bun/ros2_ws/install/person_msgs' for CMake module files
[7.717s] Level 1:colcon.colcon_core.environment:checking '/home/bun/ros2_ws/install/person_msgs' for CMake config files
[7.717s] Level 1:colcon.colcon_core.shell:create_environment_hook('person_msgs', 'cmake_prefix_path')
[7.717s] INFO:colcon.colcon_core.shell:Creating environment hook '/home/bun/ros2_ws/install/person_msgs/share/person_msgs/hook/cmake_prefix_path.ps1'
[7.717s] INFO:colcon.colcon_core.shell:Creating environment descriptor '/home/bun/ros2_ws/install/person_msgs/share/person_msgs/hook/cmake_prefix_path.dsv'
[7.717s] INFO:colcon.colcon_core.shell:Creating environment hook '/home/bun/ros2_ws/install/person_msgs/share/person_msgs/hook/cmake_prefix_path.sh'
[7.718s] Level 1:colcon.colcon_core.environment:checking '/home/bun/ros2_ws/install/person_msgs/lib'
[7.718s] Level 1:colcon.colcon_core.shell:create_environment_hook('person_msgs', 'ld_library_path_lib')
[7.718s] INFO:colcon.colcon_core.shell:Creating environment hook '/home/bun/ros2_ws/install/person_msgs/share/person_msgs/hook/ld_library_path_lib.ps1'
[7.718s] INFO:colcon.colcon_core.shell:Creating environment descriptor '/home/bun/ros2_ws/install/person_msgs/share/person_msgs/hook/ld_library_path_lib.dsv'
[7.718s] INFO:colcon.colcon_core.shell:Creating environment hook '/home/bun/ros2_ws/install/person_msgs/share/person_msgs/hook/ld_library_path_lib.sh'
[7.718s] Level 1:colcon.colcon_core.environment:checking '/home/bun/ros2_ws/install/person_msgs/bin'
[7.718s] Level 1:colcon.colcon_core.environment:checking '/home/bun/ros2_ws/install/person_msgs/lib/pkgconfig/person_msgs.pc'
[7.719s] Level 1:colcon.colcon_core.environment:checking '/home/bun/ros2_ws/install/person_msgs/lib/python3.8/site-packages'
[7.719s] Level 1:colcon.colcon_core.shell:create_environment_hook('person_msgs', 'pythonpath')
[7.719s] INFO:colcon.colcon_core.shell:Creating environment hook '/home/bun/ros2_ws/install/person_msgs/share/person_msgs/hook/pythonpath.ps1'
[7.719s] INFO:colcon.colcon_core.shell:Creating environment descriptor '/home/bun/ros2_ws/install/person_msgs/share/person_msgs/hook/pythonpath.dsv'
[7.719s] INFO:colcon.colcon_core.shell:Creating environment hook '/home/bun/ros2_ws/install/person_msgs/share/person_msgs/hook/pythonpath.sh'
[7.719s] Level 1:colcon.colcon_core.environment:checking '/home/bun/ros2_ws/install/person_msgs/bin'
[7.719s] INFO:colcon.colcon_core.shell:Creating package script '/home/bun/ros2_ws/install/person_msgs/share/person_msgs/package.ps1'
[7.720s] INFO:colcon.colcon_core.shell:Creating package descriptor '/home/bun/ros2_ws/install/person_msgs/share/person_msgs/package.dsv'
[7.720s] INFO:colcon.colcon_core.shell:Creating package script '/home/bun/ros2_ws/install/person_msgs/share/person_msgs/package.sh'
[7.720s] INFO:colcon.colcon_core.shell:Creating package script '/home/bun/ros2_ws/install/person_msgs/share/person_msgs/package.bash'
[7.721s] INFO:colcon.colcon_core.shell:Creating package script '/home/bun/ros2_ws/install/person_msgs/share/person_msgs/package.zsh'
[7.721s] Level 1:colcon.colcon_core.environment:create_file_with_runtime_dependencies(/home/bun/ros2_ws/install/person_msgs/share/colcon-core/packages/person_msgs)
[7.721s] DEBUG:colcon.colcon_parallel_executor.executor.parallel:closing loop
[7.721s] DEBUG:colcon.colcon_parallel_executor.executor.parallel:loop closed
[7.721s] DEBUG:colcon.colcon_parallel_executor.executor.parallel:run_until_complete finished with '0'
[7.721s] DEBUG:colcon.colcon_core.event_reactor:joining thread
[7.744s] INFO:colcon.colcon_core.plugin_system:Skipping extension 'colcon_notification.desktop_notification.notify_send': Could not find 'notify-send'
[7.744s] INFO:colcon.colcon_core.plugin_system:Skipping extension 'colcon_notification.desktop_notification.terminal_notifier': Not used on non-Darwin systems
[7.744s] INFO:colcon.colcon_core.plugin_system:Skipping extension 'colcon_notification.desktop_notification.win32': Not used on non-Windows systems
[7.744s] INFO:colcon.colcon_notification.desktop_notification:Sending desktop notification using 'notify2'
[7.748s] DEBUG:colcon.colcon_notification.desktop_notification.notify2:Failed to initialize notify2: org.freedesktop.DBus.Error.ServiceUnknown: The name org.freedesktop.Notifications was not provided by any .service files
[7.748s] DEBUG:colcon.colcon_core.event_reactor:joined thread
[7.749s] INFO:colcon.colcon_core.shell:Creating prefix script '/home/bun/ros2_ws/install/local_setup.ps1'
[7.750s] INFO:colcon.colcon_core.shell:Creating prefix util module '/home/bun/ros2_ws/install/_local_setup_util_ps1.py'
[7.750s] INFO:colcon.colcon_core.shell:Creating prefix chain script '/home/bun/ros2_ws/install/setup.ps1'
[7.751s] INFO:colcon.colcon_core.shell:Creating prefix script '/home/bun/ros2_ws/install/local_setup.sh'
[7.751s] INFO:colcon.colcon_core.shell:Creating prefix util module '/home/bun/ros2_ws/install/_local_setup_util_sh.py'
[7.752s] INFO:colcon.colcon_core.shell:Creating prefix chain script '/home/bun/ros2_ws/install/setup.sh'
[7.752s] INFO:colcon.colcon_core.shell:Creating prefix script '/home/bun/ros2_ws/install/local_setup.bash'
[7.752s] INFO:colcon.colcon_core.shell:Creating prefix chain script '/home/bun/ros2_ws/install/setup.bash'
[7.753s] INFO:colcon.colcon_core.shell:Creating prefix script '/home/bun/ros2_ws/install/local_setup.zsh'
[7.753s] INFO:colcon.colcon_core.shell:Creating prefix chain script '/home/bun/ros2_ws/install/setup.zsh'
