running egg_info
writing ../../build/mypkg/mypkg.egg-info/PKG-INFO
writing dependency_links to ../../build/mypkg/mypkg.egg-info/dependency_links.txt
writing entry points to ../../build/mypkg/mypkg.egg-info/entry_points.txt
writing requirements to ../../build/mypkg/mypkg.egg-info/requires.txt
writing top-level names to ../../build/mypkg/mypkg.egg-info/top_level.txt
reading manifest file '../../build/mypkg/mypkg.egg-info/SOURCES.txt'
writing manifest file '../../build/mypkg/mypkg.egg-info/SOURCES.txt'
running build
running build_py
copying mypkg/l.py -> /home/bun/ros2_ws/build/mypkg/build/lib/mypkg
copying mypkg/__init__.py -> /home/bun/ros2_ws/build/mypkg/build/lib/mypkg
copying mypkg/t.py -> /home/bun/ros2_ws/build/mypkg/build/lib/mypkg
running install
running install_lib
copying /home/bun/ros2_ws/build/mypkg/build/lib/mypkg/l.py -> /home/bun/ros2_ws/install/mypkg/lib/python3.8/site-packages/mypkg
copying /home/bun/ros2_ws/build/mypkg/build/lib/mypkg/__init__.py -> /home/bun/ros2_ws/install/mypkg/lib/python3.8/site-packages/mypkg
copying /home/bun/ros2_ws/build/mypkg/build/lib/mypkg/t.py -> /home/bun/ros2_ws/install/mypkg/lib/python3.8/site-packages/mypkg
byte-compiling /home/bun/ros2_ws/install/mypkg/lib/python3.8/site-packages/mypkg/l.py to l.cpython-38.pyc
byte-compiling /home/bun/ros2_ws/install/mypkg/lib/python3.8/site-packages/mypkg/__init__.py to __init__.cpython-38.pyc
byte-compiling /home/bun/ros2_ws/install/mypkg/lib/python3.8/site-packages/mypkg/t.py to t.cpython-38.pyc
running install_data
copying resource/mypkg -> /home/bun/ros2_ws/install/mypkg/share/ament_index/resource_index/packages
copying package.xml -> /home/bun/ros2_ws/install/mypkg/share/mypkg
copying launch/talk_listen.launch.py -> /home/bun/ros2_ws/install/mypkg/share/mypkg
running install_egg_info
Copying ../../build/mypkg/mypkg.egg-info to /home/bun/ros2_ws/install/mypkg/lib/python3.8/site-packages/mypkg-0.0.0-py3.8.egg-info
running install_scripts
Installing listener script to /home/bun/ros2_ws/install/mypkg/lib/mypkg
Installing talker script to /home/bun/ros2_ws/install/mypkg/lib/mypkg
writing list of installed files to '/home/bun/ros2_ws/build/mypkg/install.log'
