[0.456s] Invoking command in '/home/bun/ros2_ws/src': PYTHONPATH=/home/bun/ros2_ws/build/weather/prefix_override:/usr/lib/python3/dist-packages/colcon_core/task/python/colcon_distutils_commands:/home/bun/ros2_ws/install/weather/lib/python3.8/site-packages:${PYTHONPATH} /usr/bin/python3 -W ignore:setup.py install is deprecated -W ignore:easy_install command is deprecated setup.py egg_info --egg-base ../build/weather build --build-base /home/bun/ros2_ws/build/weather/build install --record /home/bun/ros2_ws/build/weather/install.log --single-version-externally-managed install_data
[0.574s] running egg_info
[0.574s] creating ../build/weather/weather.egg-info
[0.574s] writing ../build/weather/weather.egg-info/PKG-INFO
[0.574s] writing dependency_links to ../build/weather/weather.egg-info/dependency_links.txt
[0.574s] writing entry points to ../build/weather/weather.egg-info/entry_points.txt
[0.575s] writing requirements to ../build/weather/weather.egg-info/requires.txt
[0.575s] writing top-level names to ../build/weather/weather.egg-info/top_level.txt
[0.581s] writing manifest file '../build/weather/weather.egg-info/SOURCES.txt'
[0.601s] package init file 'weather/__init__.py' not found (or not a regular file)
[0.601s] reading manifest file '../build/weather/weather.egg-info/SOURCES.txt'
[0.601s] writing manifest file '../build/weather/weather.egg-info/SOURCES.txt'
[0.602s] running build
[0.602s] running build_py
[0.602s] creating /home/bun/ros2_ws/build/weather/build
[0.602s] creating /home/bun/ros2_ws/build/weather/build/lib
[0.602s] creating /home/bun/ros2_ws/build/weather/build/lib/weather
[0.602s] copying weather/setup.py -> /home/bun/ros2_ws/build/weather/build/lib/weather
[0.603s] running install
[0.604s] running install_lib
[0.604s] creating /home/bun/ros2_ws/install/weather/lib/python3.8/site-packages/weather
[0.605s] copying /home/bun/ros2_ws/build/weather/build/lib/weather/setup.py -> /home/bun/ros2_ws/install/weather/lib/python3.8/site-packages/weather
[0.605s] byte-compiling /home/bun/ros2_ws/install/weather/lib/python3.8/site-packages/weather/setup.py to setup.cpython-38.pyc
[0.606s] running install_data
[0.607s] error: can't copy 'resource/weather': doesn't exist or not a regular file
[0.620s] Invoked command in '/home/bun/ros2_ws/src' returned '1': PYTHONPATH=/home/bun/ros2_ws/build/weather/prefix_override:/usr/lib/python3/dist-packages/colcon_core/task/python/colcon_distutils_commands:/home/bun/ros2_ws/install/weather/lib/python3.8/site-packages:${PYTHONPATH} /usr/bin/python3 -W ignore:setup.py install is deprecated -W ignore:easy_install command is deprecated setup.py egg_info --egg-base ../build/weather build --build-base /home/bun/ros2_ws/build/weather/build install --record /home/bun/ros2_ws/build/weather/install.log --single-version-externally-managed install_data
