[0.491s] Invoking command in '/home/bun/ros2_ws/src/mypkg': PYTHONPATH=/home/bun/ros2_ws/build/mypkg/prefix_override:/usr/lib/python3/dist-packages/colcon_core/task/python/colcon_distutils_commands:/home/bun/ros2_ws/install/mypkg/lib/python3.8/site-packages:${PYTHONPATH} /usr/bin/python3 -W ignore:setup.py install is deprecated -W ignore:easy_install command is deprecated setup.py egg_info --egg-base ../../build/mypkg build --build-base /home/bun/ros2_ws/build/mypkg/build install --record /home/bun/ros2_ws/build/mypkg/install.log --install-scripts $base/lib/mypkg --single-version-externally-managed install_data
[0.613s] running egg_info
[0.613s] writing ../../build/mypkg/mypkg.egg-info/PKG-INFO
[0.613s] writing dependency_links to ../../build/mypkg/mypkg.egg-info/dependency_links.txt
[0.613s] writing entry points to ../../build/mypkg/mypkg.egg-info/entry_points.txt
[0.613s] writing requirements to ../../build/mypkg/mypkg.egg-info/requires.txt
[0.614s] writing top-level names to ../../build/mypkg/mypkg.egg-info/top_level.txt
[0.639s] reading manifest file '../../build/mypkg/mypkg.egg-info/SOURCES.txt'
[0.640s] writing manifest file '../../build/mypkg/mypkg.egg-info/SOURCES.txt'
[0.640s] running build
[0.640s] running build_py
[0.641s] copying mypkg/talker.py -> /home/bun/ros2_ws/build/mypkg/build/lib/mypkg
[0.641s] copying mypkg/listener.py -> /home/bun/ros2_ws/build/mypkg/build/lib/mypkg
[0.642s] running install
[0.642s] running install_lib
[0.644s] copying /home/bun/ros2_ws/build/mypkg/build/lib/mypkg/talker.py -> /home/bun/ros2_ws/install/mypkg/lib/python3.8/site-packages/mypkg
[0.644s] copying /home/bun/ros2_ws/build/mypkg/build/lib/mypkg/listener.py -> /home/bun/ros2_ws/install/mypkg/lib/python3.8/site-packages/mypkg
[0.645s] byte-compiling /home/bun/ros2_ws/install/mypkg/lib/python3.8/site-packages/mypkg/talker.py to talker.cpython-38.pyc
[0.646s] byte-compiling /home/bun/ros2_ws/install/mypkg/lib/python3.8/site-packages/mypkg/listener.py to listener.cpython-38.pyc
[0.646s] running install_data
[0.646s] running install_egg_info
[0.647s] removing '/home/bun/ros2_ws/install/mypkg/lib/python3.8/site-packages/mypkg-0.0.0-py3.8.egg-info' (and everything under it)
[0.648s] Copying ../../build/mypkg/mypkg.egg-info to /home/bun/ros2_ws/install/mypkg/lib/python3.8/site-packages/mypkg-0.0.0-py3.8.egg-info
[0.649s] running install_scripts
[0.659s] Installing listener script to /home/bun/ros2_ws/install/mypkg/lib/mypkg
[0.659s] Installing talker script to /home/bun/ros2_ws/install/mypkg/lib/mypkg
[0.659s] writing list of installed files to '/home/bun/ros2_ws/build/mypkg/install.log'
[0.674s] Invoked command in '/home/bun/ros2_ws/src/mypkg' returned '0': PYTHONPATH=/home/bun/ros2_ws/build/mypkg/prefix_override:/usr/lib/python3/dist-packages/colcon_core/task/python/colcon_distutils_commands:/home/bun/ros2_ws/install/mypkg/lib/python3.8/site-packages:${PYTHONPATH} /usr/bin/python3 -W ignore:setup.py install is deprecated -W ignore:easy_install command is deprecated setup.py egg_info --egg-base ../../build/mypkg build --build-base /home/bun/ros2_ws/build/mypkg/build install --record /home/bun/ros2_ws/build/mypkg/install.log --install-scripts $base/lib/mypkg --single-version-externally-managed install_data
