[0.365s] Invoking command in '/home/bun/ros2_7th_ws/src/mypkg': PYTHONPATH=/home/bun/ros2_7th_ws/build/mypkg/prefix_override:/usr/lib/python3/dist-packages/colcon_core/task/python/colcon_distutils_commands:/home/bun/ros2_7th_ws/install/mypkg/lib/python3.8/site-packages:${PYTHONPATH} /usr/bin/python3 -W ignore:setup.py install is deprecated -W ignore:easy_install command is deprecated setup.py egg_info --egg-base ../../build/mypkg build --build-base /home/bun/ros2_7th_ws/build/mypkg/build install --record /home/bun/ros2_7th_ws/build/mypkg/install.log --install-scripts $base/lib/mypkg --single-version-externally-managed install_data
[0.480s] running egg_info
[0.480s] creating ../../build/mypkg/mypkg.egg-info
[0.481s] writing ../../build/mypkg/mypkg.egg-info/PKG-INFO
[0.481s] writing dependency_links to ../../build/mypkg/mypkg.egg-info/dependency_links.txt
[0.481s] writing entry points to ../../build/mypkg/mypkg.egg-info/entry_points.txt
[0.481s] writing requirements to ../../build/mypkg/mypkg.egg-info/requires.txt
[0.481s] writing top-level names to ../../build/mypkg/mypkg.egg-info/top_level.txt
[0.482s] writing manifest file '../../build/mypkg/mypkg.egg-info/SOURCES.txt'
[0.500s] reading manifest file '../../build/mypkg/mypkg.egg-info/SOURCES.txt'
[0.500s] writing manifest file '../../build/mypkg/mypkg.egg-info/SOURCES.txt'
[0.501s] running build
[0.501s] running build_py
[0.501s] creating /home/bun/ros2_7th_ws/build/mypkg/build
[0.501s] creating /home/bun/ros2_7th_ws/build/mypkg/build/lib
[0.501s] creating /home/bun/ros2_7th_ws/build/mypkg/build/lib/mypkg
[0.501s] copying mypkg/talker.py -> /home/bun/ros2_7th_ws/build/mypkg/build/lib/mypkg
[0.501s] copying mypkg/listener.py -> /home/bun/ros2_7th_ws/build/mypkg/build/lib/mypkg
[0.501s] copying mypkg/__init__.py -> /home/bun/ros2_7th_ws/build/mypkg/build/lib/mypkg
[0.501s] running install
[0.502s] running install_lib
[0.502s] creating /home/bun/ros2_7th_ws/install/mypkg/lib/python3.8/site-packages/mypkg
[0.503s] copying /home/bun/ros2_7th_ws/build/mypkg/build/lib/mypkg/talker.py -> /home/bun/ros2_7th_ws/install/mypkg/lib/python3.8/site-packages/mypkg
[0.503s] copying /home/bun/ros2_7th_ws/build/mypkg/build/lib/mypkg/listener.py -> /home/bun/ros2_7th_ws/install/mypkg/lib/python3.8/site-packages/mypkg
[0.503s] copying /home/bun/ros2_7th_ws/build/mypkg/build/lib/mypkg/__init__.py -> /home/bun/ros2_7th_ws/install/mypkg/lib/python3.8/site-packages/mypkg
[0.503s] byte-compiling /home/bun/ros2_7th_ws/install/mypkg/lib/python3.8/site-packages/mypkg/talker.py to talker.cpython-38.pyc
[0.504s] byte-compiling /home/bun/ros2_7th_ws/install/mypkg/lib/python3.8/site-packages/mypkg/listener.py to listener.cpython-38.pyc
[0.505s] byte-compiling /home/bun/ros2_7th_ws/install/mypkg/lib/python3.8/site-packages/mypkg/__init__.py to __init__.cpython-38.pyc
[0.505s] running install_data
[0.505s] creating /home/bun/ros2_7th_ws/install/mypkg/share/ament_index
[0.505s] creating /home/bun/ros2_7th_ws/install/mypkg/share/ament_index/resource_index
[0.505s] creating /home/bun/ros2_7th_ws/install/mypkg/share/ament_index/resource_index/packages
[0.505s] copying resource/mypkg -> /home/bun/ros2_7th_ws/install/mypkg/share/ament_index/resource_index/packages
[0.506s] copying package.xml -> /home/bun/ros2_7th_ws/install/mypkg/share/mypkg
[0.506s] copying launch/talk_listen.launch.py -> /home/bun/ros2_7th_ws/install/mypkg/share/mypkg
[0.506s] running install_egg_info
[0.507s] Copying ../../build/mypkg/mypkg.egg-info to /home/bun/ros2_7th_ws/install/mypkg/lib/python3.8/site-packages/mypkg-0.0.0-py3.8.egg-info
[0.507s] running install_scripts
[0.518s] Installing listener script to /home/bun/ros2_7th_ws/install/mypkg/lib/mypkg
[0.519s] Installing talker script to /home/bun/ros2_7th_ws/install/mypkg/lib/mypkg
[0.519s] writing list of installed files to '/home/bun/ros2_7th_ws/build/mypkg/install.log'
[0.532s] Invoked command in '/home/bun/ros2_7th_ws/src/mypkg' returned '0': PYTHONPATH=/home/bun/ros2_7th_ws/build/mypkg/prefix_override:/usr/lib/python3/dist-packages/colcon_core/task/python/colcon_distutils_commands:/home/bun/ros2_7th_ws/install/mypkg/lib/python3.8/site-packages:${PYTHONPATH} /usr/bin/python3 -W ignore:setup.py install is deprecated -W ignore:easy_install command is deprecated setup.py egg_info --egg-base ../../build/mypkg build --build-base /home/bun/ros2_7th_ws/build/mypkg/build install --record /home/bun/ros2_7th_ws/build/mypkg/install.log --install-scripts $base/lib/mypkg --single-version-externally-managed install_data
