[0.353s] Invoking command in '/home/bun/ros2_ws/src': PYTHONPATH=/home/bun/ros2_ws/build/mypkg/prefix_override:/usr/lib/python3/dist-packages/colcon_core/task/python/colcon_distutils_commands:/home/bun/ros2_ws/install/mypkg/lib/python3.8/site-packages:${PYTHONPATH} /usr/bin/python3 -W ignore:setup.py install is deprecated -W ignore:easy_install command is deprecated setup.py egg_info --egg-base ../build/mypkg build --build-base /home/bun/ros2_ws/build/mypkg/build install --record /home/bun/ros2_ws/build/mypkg/install.log --single-version-externally-managed install_data
[0.476s] running egg_info
[0.476s] writing ../build/mypkg/mypkg.egg-info/PKG-INFO
[0.477s] writing dependency_links to ../build/mypkg/mypkg.egg-info/dependency_links.txt
[0.477s] writing entry points to ../build/mypkg/mypkg.egg-info/entry_points.txt
[0.477s] writing requirements to ../build/mypkg/mypkg.egg-info/requires.txt
[0.477s] writing top-level names to ../build/mypkg/mypkg.egg-info/top_level.txt
[0.498s] package init file 'mypkg/__init__.py' not found (or not a regular file)
[0.498s] reading manifest file '../build/mypkg/mypkg.egg-info/SOURCES.txt'
[0.499s] writing manifest file '../build/mypkg/mypkg.egg-info/SOURCES.txt'
[0.499s] running build
[0.499s] running build_py
[0.499s] copying mypkg/setup.py -> /home/bun/ros2_ws/build/mypkg/build/lib/mypkg
[0.499s] running install
[0.500s] running install_lib
[0.500s] copying /home/bun/ros2_ws/build/mypkg/build/lib/mypkg/setup.py -> /home/bun/ros2_ws/install/mypkg/lib/python3.8/site-packages/mypkg
[0.501s] byte-compiling /home/bun/ros2_ws/install/mypkg/lib/python3.8/site-packages/mypkg/setup.py to setup.cpython-38.pyc
[0.502s] running install_data
[0.502s] error: can't copy 'resource/mypkg': doesn't exist or not a regular file
[0.517s] Invoked command in '/home/bun/ros2_ws/src' returned '1': PYTHONPATH=/home/bun/ros2_ws/build/mypkg/prefix_override:/usr/lib/python3/dist-packages/colcon_core/task/python/colcon_distutils_commands:/home/bun/ros2_ws/install/mypkg/lib/python3.8/site-packages:${PYTHONPATH} /usr/bin/python3 -W ignore:setup.py install is deprecated -W ignore:easy_install command is deprecated setup.py egg_info --egg-base ../build/mypkg build --build-base /home/bun/ros2_ws/build/mypkg/build install --record /home/bun/ros2_ws/build/mypkg/install.log --single-version-externally-managed install_data
