[0.381s] Invoking command in '/home/bun/ros2_ws/src/mypkg': PYTHONPATH=/home/bun/ros2_ws/build/mypkg/prefix_override:/usr/lib/python3/dist-packages/colcon_core/task/python/colcon_distutils_commands:/home/bun/ros2_ws/install/mypkg/lib/python3.8/site-packages:${PYTHONPATH} /usr/bin/python3 -W ignore:setup.py install is deprecated -W ignore:easy_install command is deprecated setup.py egg_info --egg-base ../../build/mypkg build --build-base /home/bun/ros2_ws/build/mypkg/build install --record /home/bun/ros2_ws/build/mypkg/install.log --install-scripts $base/lib/mypkg --single-version-externally-managed install_data
[0.499s] running egg_info
[0.500s] writing ../../build/mypkg/mypkg.egg-info/PKG-INFO
[0.500s] writing dependency_links to ../../build/mypkg/mypkg.egg-info/dependency_links.txt
[0.500s] writing entry points to ../../build/mypkg/mypkg.egg-info/entry_points.txt
[0.500s] writing requirements to ../../build/mypkg/mypkg.egg-info/requires.txt
[0.500s] writing top-level names to ../../build/mypkg/mypkg.egg-info/top_level.txt
[0.522s] reading manifest file '../../build/mypkg/mypkg.egg-info/SOURCES.txt'
[0.522s] writing manifest file '../../build/mypkg/mypkg.egg-info/SOURCES.txt'
[0.522s] running build
[0.522s] running build_py
[0.522s] copying mypkg/talker.py -> /home/bun/ros2_ws/build/mypkg/build/lib/mypkg
[0.523s] running install
[0.524s] running install_lib
[0.525s] copying /home/bun/ros2_ws/build/mypkg/build/lib/mypkg/talker.py -> /home/bun/ros2_ws/install/mypkg/lib/python3.8/site-packages/mypkg
[0.525s] byte-compiling /home/bun/ros2_ws/install/mypkg/lib/python3.8/site-packages/mypkg/talker.py to talker.cpython-38.pyc
[0.526s] running install_data
[0.526s] running install_egg_info
[0.527s] removing '/home/bun/ros2_ws/install/mypkg/lib/python3.8/site-packages/mypkg-0.0.0-py3.8.egg-info' (and everything under it)
[0.527s] Copying ../../build/mypkg/mypkg.egg-info to /home/bun/ros2_ws/install/mypkg/lib/python3.8/site-packages/mypkg-0.0.0-py3.8.egg-info
[0.528s] running install_scripts
[0.538s] Installing listener script to /home/bun/ros2_ws/install/mypkg/lib/mypkg
[0.538s] Installing talker script to /home/bun/ros2_ws/install/mypkg/lib/mypkg
[0.539s] writing list of installed files to '/home/bun/ros2_ws/build/mypkg/install.log'
[0.552s] Invoked command in '/home/bun/ros2_ws/src/mypkg' returned '0': PYTHONPATH=/home/bun/ros2_ws/build/mypkg/prefix_override:/usr/lib/python3/dist-packages/colcon_core/task/python/colcon_distutils_commands:/home/bun/ros2_ws/install/mypkg/lib/python3.8/site-packages:${PYTHONPATH} /usr/bin/python3 -W ignore:setup.py install is deprecated -W ignore:easy_install command is deprecated setup.py egg_info --egg-base ../../build/mypkg build --build-base /home/bun/ros2_ws/build/mypkg/build install --record /home/bun/ros2_ws/build/mypkg/install.log --install-scripts $base/lib/mypkg --single-version-externally-managed install_data
