running egg_info
creating ../build/mypkg/mypkg.egg-info
writing ../build/mypkg/mypkg.egg-info/PKG-INFO
writing dependency_links to ../build/mypkg/mypkg.egg-info/dependency_links.txt
writing entry points to ../build/mypkg/mypkg.egg-info/entry_points.txt
writing requirements to ../build/mypkg/mypkg.egg-info/requires.txt
writing top-level names to ../build/mypkg/mypkg.egg-info/top_level.txt
writing manifest file '../build/mypkg/mypkg.egg-info/SOURCES.txt'
reading manifest file '../build/mypkg/mypkg.egg-info/SOURCES.txt'
writing manifest file '../build/mypkg/mypkg.egg-info/SOURCES.txt'
running build
running build_py
creating /home/bun/ros2_ws/build/mypkg/build
creating /home/bun/ros2_ws/build/mypkg/build/lib
creating /home/bun/ros2_ws/build/mypkg/build/lib/mypkg
copying mypkg/setup.py -> /home/bun/ros2_ws/build/mypkg/build/lib/mypkg
running install
running install_lib
creating /home/bun/ros2_ws/install/mypkg/lib/python3.8/site-packages/mypkg
copying /home/bun/ros2_ws/build/mypkg/build/lib/mypkg/setup.py -> /home/bun/ros2_ws/install/mypkg/lib/python3.8/site-packages/mypkg
byte-compiling /home/bun/ros2_ws/install/mypkg/lib/python3.8/site-packages/mypkg/setup.py to setup.cpython-38.pyc
running install_data
creating /home/bun/ros2_ws/install/mypkg/share
creating /home/bun/ros2_ws/install/mypkg/share/ament_index
creating /home/bun/ros2_ws/install/mypkg/share/ament_index/resource_index
creating /home/bun/ros2_ws/install/mypkg/share/ament_index/resource_index/packages
