[0.376s] Invoking command in '/home/bun/ros2_ws/src': PYTHONPATH=/home/bun/ros2_ws/build/mypkg/prefix_override:/usr/lib/python3/dist-packages/colcon_core/task/python/colcon_distutils_commands:/home/bun/ros2_ws/install/mypkg/lib/python3.8/site-packages:${PYTHONPATH} /usr/bin/python3 -W ignore:setup.py install is deprecated -W ignore:easy_install command is deprecated setup.py egg_info --egg-base ../build/mypkg build --build-base /home/bun/ros2_ws/build/mypkg/build install --record /home/bun/ros2_ws/build/mypkg/install.log --single-version-externally-managed install_data
[0.493s] running egg_info
[0.494s] creating ../build/mypkg/mypkg.egg-info
[0.494s] writing ../build/mypkg/mypkg.egg-info/PKG-INFO
[0.494s] writing dependency_links to ../build/mypkg/mypkg.egg-info/dependency_links.txt
[0.494s] writing entry points to ../build/mypkg/mypkg.egg-info/entry_points.txt
[0.494s] writing requirements to ../build/mypkg/mypkg.egg-info/requires.txt
[0.494s] writing top-level names to ../build/mypkg/mypkg.egg-info/top_level.txt
[0.495s] writing manifest file '../build/mypkg/mypkg.egg-info/SOURCES.txt'
[0.515s] package init file 'mypkg/__init__.py' not found (or not a regular file)
[0.515s] reading manifest file '../build/mypkg/mypkg.egg-info/SOURCES.txt'
[0.516s] writing manifest file '../build/mypkg/mypkg.egg-info/SOURCES.txt'
[0.516s] running build
[0.516s] running build_py
[0.516s] creating /home/bun/ros2_ws/build/mypkg/build
[0.516s] creating /home/bun/ros2_ws/build/mypkg/build/lib
[0.516s] creating /home/bun/ros2_ws/build/mypkg/build/lib/mypkg
[0.517s] copying mypkg/setup.py -> /home/bun/ros2_ws/build/mypkg/build/lib/mypkg
[0.517s] running install
[0.517s] running install_lib
[0.518s] creating /home/bun/ros2_ws/install/mypkg/lib/python3.8/site-packages/mypkg
[0.518s] copying /home/bun/ros2_ws/build/mypkg/build/lib/mypkg/setup.py -> /home/bun/ros2_ws/install/mypkg/lib/python3.8/site-packages/mypkg
[0.518s] byte-compiling /home/bun/ros2_ws/install/mypkg/lib/python3.8/site-packages/mypkg/setup.py to setup.cpython-38.pyc
[0.519s] running install_data
[0.519s] creating /home/bun/ros2_ws/install/mypkg/share
[0.520s] creating /home/bun/ros2_ws/install/mypkg/share/ament_index
[0.520s] creating /home/bun/ros2_ws/install/mypkg/share/ament_index/resource_index
[0.520s] creating /home/bun/ros2_ws/install/mypkg/share/ament_index/resource_index/packages
[0.520s] error: can't copy 'resource/mypkg': doesn't exist or not a regular file
[0.531s] Invoked command in '/home/bun/ros2_ws/src' returned '1': PYTHONPATH=/home/bun/ros2_ws/build/mypkg/prefix_override:/usr/lib/python3/dist-packages/colcon_core/task/python/colcon_distutils_commands:/home/bun/ros2_ws/install/mypkg/lib/python3.8/site-packages:${PYTHONPATH} /usr/bin/python3 -W ignore:setup.py install is deprecated -W ignore:easy_install command is deprecated setup.py egg_info --egg-base ../build/mypkg build --build-base /home/bun/ros2_ws/build/mypkg/build install --record /home/bun/ros2_ws/build/mypkg/install.log --single-version-externally-managed install_data
